e:\blockchain\find_lost_bitcoins_andrii_nevidomyi\find_lost_bitcoins_andrii_nevidomy\find_lost_bitcoins_andrii_nevidomy\debug\vc142.pdb
e:\blockchain\find_lost_bitcoins_andrii_nevidomyi\find_lost_bitcoins_andrii_nevidomy\find_lost_bitcoins_andrii_nevidomy\debug\vc142.idb
e:\blockchain\find_lost_bitcoins_andrii_nevidomyi\find_lost_bitcoins_andrii_nevidomy\find_lost_bitcoins_andrii_nevidomy\debug\find_lost_bitcoins_andrii_nevidomy.obj
e:\blockchain\find_lost_bitcoins_andrii_nevidomyi\find_lost_bitcoins_andrii_nevidomy\find_lost_bitcoins_andrii_nevidomy\debug\transactioninfo.obj
e:\blockchain\find_lost_bitcoins_andrii_nevidomyi\find_lost_bitcoins_andrii_nevidomy\find_lost_bitcoins_andrii_nevidomy\debug\blockchainclient.obj
e:\blockchain\find_lost_bitcoins_andrii_nevidomyi\find_lost_bitcoins_andrii_nevidomy\find_lost_bitcoins_andrii_nevidomy\debug\istransactionspent.obj
e:\blockchain\find_lost_bitcoins_andrii_nevidomyi\find_lost_bitcoins_andrii_nevidomy\find_lost_bitcoins_andrii_nevidomy\debug\walletinfo.obj
e:\blockchain\find_lost_bitcoins_andrii_nevidomyi\find_lost_bitcoins_andrii_nevidomy\find_lost_bitcoins_andrii_nevidomy\debug\iscammersearcher.obj
e:\blockchain\find_lost_bitcoins_andrii_nevidomyi\find_lost_bitcoins_andrii_nevidomy\find_lost_bitcoins_andrii_nevidomy\debug\nonfictivewalletsearcher.obj
e:\blockchain\find_lost_bitcoins_andrii_nevidomyi\find_lost_bitcoins_andrii_nevidomy\find_lost_bitcoins_andrii_nevidomy\debug\scammerunspentoutputsearcher.obj
e:\blockchain\find_lost_bitcoins_andrii_nevidomyi\find_lost_bitcoins_andrii_nevidomy\debug\find_lost_bitcoins_andrii_nevidomy.exe
e:\blockchain\find_lost_bitcoins_andrii_nevidomyi\find_lost_bitcoins_andrii_nevidomy\debug\find_lost_bitcoins_andrii_nevidomy.ilk
e:\blockchain\find_lost_bitcoins_andrii_nevidomyi\find_lost_bitcoins_andrii_nevidomy\debug\find_lost_bitcoins_andrii_nevidomy.pdb
e:\blockchain\find_lost_bitcoins_andrii_nevidomyi\find_lost_bitcoins_andrii_nevidomy\find_lost_bitcoins_andrii_nevidomy\debug\find_los.e5d1a9b7.tlog\cl.command.1.tlog
e:\blockchain\find_lost_bitcoins_andrii_nevidomyi\find_lost_bitcoins_andrii_nevidomy\find_lost_bitcoins_andrii_nevidomy\debug\find_los.e5d1a9b7.tlog\cl.read.1.tlog
e:\blockchain\find_lost_bitcoins_andrii_nevidomyi\find_lost_bitcoins_andrii_nevidomy\find_lost_bitcoins_andrii_nevidomy\debug\find_los.e5d1a9b7.tlog\cl.write.1.tlog
e:\blockchain\find_lost_bitcoins_andrii_nevidomyi\find_lost_bitcoins_andrii_nevidomy\find_lost_bitcoins_andrii_nevidomy\debug\find_los.e5d1a9b7.tlog\link-cvtres.read.1.tlog
e:\blockchain\find_lost_bitcoins_andrii_nevidomyi\find_lost_bitcoins_andrii_nevidomy\find_lost_bitcoins_andrii_nevidomy\debug\find_los.e5d1a9b7.tlog\link-cvtres.write.1.tlog
e:\blockchain\find_lost_bitcoins_andrii_nevidomyi\find_lost_bitcoins_andrii_nevidomy\find_lost_bitcoins_andrii_nevidomy\debug\find_los.e5d1a9b7.tlog\link-mt.read.1.tlog
e:\blockchain\find_lost_bitcoins_andrii_nevidomyi\find_lost_bitcoins_andrii_nevidomy\find_lost_bitcoins_andrii_nevidomy\debug\find_los.e5d1a9b7.tlog\link-mt.write.1.tlog
e:\blockchain\find_lost_bitcoins_andrii_nevidomyi\find_lost_bitcoins_andrii_nevidomy\find_lost_bitcoins_andrii_nevidomy\debug\find_los.e5d1a9b7.tlog\link-rc.read.1.tlog
e:\blockchain\find_lost_bitcoins_andrii_nevidomyi\find_lost_bitcoins_andrii_nevidomy\find_lost_bitcoins_andrii_nevidomy\debug\find_los.e5d1a9b7.tlog\link-rc.write.1.tlog
e:\blockchain\find_lost_bitcoins_andrii_nevidomyi\find_lost_bitcoins_andrii_nevidomy\find_lost_bitcoins_andrii_nevidomy\debug\find_los.e5d1a9b7.tlog\link.141528-cvtres.read.1.tlog
e:\blockchain\find_lost_bitcoins_andrii_nevidomyi\find_lost_bitcoins_andrii_nevidomy\find_lost_bitcoins_andrii_nevidomy\debug\find_los.e5d1a9b7.tlog\link.141528-cvtres.write.1.tlog
e:\blockchain\find_lost_bitcoins_andrii_nevidomyi\find_lost_bitcoins_andrii_nevidomy\find_lost_bitcoins_andrii_nevidomy\debug\find_los.e5d1a9b7.tlog\link.141528-mt.read.1.tlog
e:\blockchain\find_lost_bitcoins_andrii_nevidomyi\find_lost_bitcoins_andrii_nevidomy\find_lost_bitcoins_andrii_nevidomy\debug\find_los.e5d1a9b7.tlog\link.141528-mt.write.1.tlog
e:\blockchain\find_lost_bitcoins_andrii_nevidomyi\find_lost_bitcoins_andrii_nevidomy\find_lost_bitcoins_andrii_nevidomy\debug\find_los.e5d1a9b7.tlog\link.141528-rc.read.1.tlog
e:\blockchain\find_lost_bitcoins_andrii_nevidomyi\find_lost_bitcoins_andrii_nevidomy\find_lost_bitcoins_andrii_nevidomy\debug\find_los.e5d1a9b7.tlog\link.141528-rc.write.1.tlog
e:\blockchain\find_lost_bitcoins_andrii_nevidomyi\find_lost_bitcoins_andrii_nevidomy\find_lost_bitcoins_andrii_nevidomy\debug\find_los.e5d1a9b7.tlog\link.141528.read.1.tlog
e:\blockchain\find_lost_bitcoins_andrii_nevidomyi\find_lost_bitcoins_andrii_nevidomy\find_lost_bitcoins_andrii_nevidomy\debug\find_los.e5d1a9b7.tlog\link.141528.write.1.tlog
e:\blockchain\find_lost_bitcoins_andrii_nevidomyi\find_lost_bitcoins_andrii_nevidomy\find_lost_bitcoins_andrii_nevidomy\debug\find_los.e5d1a9b7.tlog\link.command.1.tlog
e:\blockchain\find_lost_bitcoins_andrii_nevidomyi\find_lost_bitcoins_andrii_nevidomy\find_lost_bitcoins_andrii_nevidomy\debug\find_los.e5d1a9b7.tlog\link.read.1.tlog
e:\blockchain\find_lost_bitcoins_andrii_nevidomyi\find_lost_bitcoins_andrii_nevidomy\find_lost_bitcoins_andrii_nevidomy\debug\find_los.e5d1a9b7.tlog\link.write.1.tlog
